<?xml version="1.0" encoding="UTF-8"?>
<!-- Generated by org.testng.reporters.JUnitReportReporter -->
<testsuite hostname="w8vdipccon342" name="tests.LoginTests" tests="1" failures="0" timestamp="6 Apr 2016 07:33:28 GMT" time="39.223" errors="0">
  <testcase name="testSignInFromLoginPage" time="39.223" classname="tests.LoginTests"/>
</testsuite> <!-- tests.LoginTests -->
