<?xml version="1.0" encoding="UTF-8"?>
<!-- Generated by org.testng.reporters.JUnitReportReporter -->
<testsuite hostname="mradivojevic-w8" name="tests.LoginTests" tests="1" failures="0" timestamp="10 Feb 2016 14:49:39 GMT" time="22.198" errors="0">
  <testcase name="testSignInFromLoginPage" time="22.198" classname="tests.LoginTests"/>
</testsuite> <!-- tests.LoginTests -->
