<?xml version="1.0" encoding="UTF-8"?>
<!-- Generated by org.testng.reporters.JUnitReportReporter -->
<testsuite hostname="mradivojevic-w8" name="tests.LoginTests" tests="1" failures="0" timestamp="11 Feb 2016 08:36:19 GMT" time="17.305" errors="0">
  <testcase name="testSignInFromLoginPage" time="17.305" classname="tests.LoginTests"/>
</testsuite> <!-- tests.LoginTests -->
